<?xml version="1.0" encoding="UTF-8"?>
<!-- Generated by org.testng.reporters.JUnitXMLReporter -->
<testsuite ignored="0" hostname="VinScorpion" failures="0" tests="3" name="Default test" time="135.493" errors="0" timestamp="22 Jun 2018 02:25:12 GMT">
  <testcase classname="guru99.Controllers.MainController" name="AddNewAccount" time="56.795"/>
  <testcase classname="guru99.Controllers.MainController" name="EditAccount" time="42.959"/>
  <testcase classname="guru99.Controllers.MainController" name="BalanceEnquiry" time="35.704"/>
</testsuite> <!-- Default test -->
