<?xml version="1.0" encoding="UTF-8"?>
<testng-results skipped="0" failed="0" ignored="0" total="2" passed="2">
  <reporter-output>
  </reporter-output>
  <suite name="Default suite" duration-ms="21390" started-at="2018-03-13T23:13:23Z" finished-at="2018-03-13T23:13:45Z">
    <groups>
    </groups>
    <test name="Default test" duration-ms="21390" started-at="2018-03-13T23:13:23Z" finished-at="2018-03-13T23:13:45Z">
      <class name="guru99.Controllers.MainController">
        <test-method status="PASS" signature="AddNewCustomer()[pri:0, instance:guru99.Controllers.MainController@58cbafc2]" name="AddNewCustomer" duration-ms="21334" started-at="2018-03-13T23:13:23Z" finished-at="2018-03-13T23:13:45Z">
          <reporter-output>
          </reporter-output>
        </test-method> <!-- AddNewCustomer -->
        <test-method status="PASS" signature="Login()[pri:1, instance:guru99.Controllers.MainController@58cbafc2]" name="Login" duration-ms="12" started-at="2018-03-13T23:13:45Z" finished-at="2018-03-13T23:13:45Z">
          <reporter-output>
          </reporter-output>
        </test-method> <!-- Login -->
        <test-method status="PASS" signature="afterTest()[pri:0, instance:guru99.Controllers.MainController@58cbafc2]" name="afterTest" is-config="true" duration-ms="0" started-at="2018-03-13T23:13:45Z" finished-at="2018-03-13T23:13:45Z">
          <reporter-output>
          </reporter-output>
        </test-method> <!-- afterTest -->
      </class> <!-- guru99.Controllers.MainController -->
    </test> <!-- Default test -->
  </suite> <!-- Default suite -->
</testng-results>
