<?xml version="1.0" encoding="UTF-8"?>
<testng-results ignored="0" total="1" passed="1" failed="0" skipped="0">
  <reporter-output>
  </reporter-output>
  <suite started-at="2018-06-13T12:24:27Z" name="Default suite" finished-at="2018-06-13T12:24:43Z" duration-ms="15689">
    <groups>
    </groups>
    <test started-at="2018-06-13T12:24:27Z" name="Default test" finished-at="2018-06-13T12:24:43Z" duration-ms="15689">
      <class name="guru99.Controllers.MainController">
        <test-method signature="DeleteCustomer()[pri:13, instance:guru99.Controllers.MainController@4152d38d]" started-at="2018-06-13T12:24:27Z" name="DeleteCustomer" finished-at="2018-06-13T12:24:43Z" duration-ms="15663" status="PASS">
          <reporter-output>
          </reporter-output>
        </test-method> <!-- DeleteCustomer -->
      </class> <!-- guru99.Controllers.MainController -->
    </test> <!-- Default test -->
  </suite> <!-- Default suite -->
</testng-results>
